#-----------------------------------------------------------
# Webtalk v2015.2 (64-bit)
# SW Build 1266856 on Fri Jun 26 16:35:25 MDT 2015
# 
# Start of session at: Tue Jun 04 14:31:12 2024
# Process ID: 20264
# Log file: C:/Users/chenr/Desktop/robot_ps/robot_ps.sdk/webtalk/webtalk.log
# Journal file: C:/Users/chenr/Desktop/robot_ps/robot_ps.sdk/webtalk\webtalk.jou
#-----------------------------------------------------------
source sdk_webtalk.tcl
# webtalk_init -webtalk_dir C:\\Users\\chenr\\Desktop\\robot_ps\\robot_ps.sdk\\webtalk
# webtalk_register_client -client project
# webtalk_add_data -client project -key date_generated -value "ÐÇÆÚ¶þ ÁùÔÂ 4 14:31:11 2024" -context "software_version_and_target_device"
# webtalk_add_data -client project -key product_version -value "SDK v2015.2" -context "software_version_and_target_device"
# webtalk_add_data -client project -key build_version -value "2015.2" -context "software_version_and_target_device"
# webtalk_add_data -client project -key os_platform -value "amd64" -context "software_version_and_target_device"
# webtalk_add_data -client project -key registration_id -value "" -context "software_version_and_target_device"
# webtalk_add_data -client project -key tool_flow -value "SDK" -context "software_version_and_target_device"
# webtalk_add_data -client project -key beta -value "false" -context "software_version_and_target_device"
# webtalk_add_data -client project -key route_design -value "NA" -context "software_version_and_target_device"
# webtalk_add_data -client project -key target_family -value "NA" -context "software_version_and_target_device"
# webtalk_add_data -client project -key target_device -value "NA" -context "software_version_and_target_device"
# webtalk_add_data -client project -key target_package -value "NA" -context "software_version_and_target_device"
# webtalk_add_data -client project -key target_speed -value "NA" -context "software_version_and_target_device"
# webtalk_add_data -client project -key random_id -value "gp2dqihv4s06pqa5flla21lrm5" -context "software_version_and_target_device"
# webtalk_add_data -client project -key project_id -value "2015.2_30" -context "software_version_and_target_device"
# webtalk_add_data -client project -key project_iteration -value "30" -context "software_version_and_target_device"
# webtalk_add_data -client project -key os_name -value "" -context "user_environment"
# webtalk_add_data -client project -key os_release -value "" -context "user_environment"
# webtalk_add_data -client project -key cpu_name -value "" -context "user_environment"
# webtalk_add_data -client project -key cpu_speed -value "" -context "user_environment"
# webtalk_add_data -client project -key total_processors -value "" -context "user_environment"
# webtalk_add_data -client project -key system_ram -value "" -context "user_environment"
# webtalk_register_client -client sdk
# webtalk_add_data -client sdk -key uid -value "1717476530456" -context "sdk\\\\hardware/1717476530456"
# webtalk_add_data -client sdk -key isZynq -value "true" -context "sdk\\\\hardware/1717476530456"
# webtalk_add_data -client sdk -key Processors -value "2" -context "sdk\\\\hardware/1717476530456"
# webtalk_add_data -client sdk -key VivadoVersion -value "2015.2" -context "sdk\\\\hardware/1717476530456"
# webtalk_add_data -client sdk -key Arch -value "zynq" -context "sdk\\\\hardware/1717476530456"
# webtalk_add_data -client sdk -key Device -value "7z020" -context "sdk\\\\hardware/1717476530456"
# webtalk_add_data -client sdk -key IsHandoff -value "true" -context "sdk\\\\hardware/1717476530456"
# webtalk_add_data -client sdk -key uid -value "1717476606779" -context "sdk\\\\bsp/1717476606779"
# webtalk_add_data -client sdk -key hwid -value "1717476530456" -context "sdk\\\\bsp/1717476606779"
# webtalk_add_data -client sdk -key os -value "standalone" -context "sdk\\\\bsp/1717476606779"
# webtalk_add_data -client sdk -key apptemplate -value "empty_application" -context "sdk\\\\bsp/1717476606779"
# webtalk_add_data -client sdk -key uid -value "1717476609113" -context "sdk\\\\application/1717476609113"
# webtalk_add_data -client sdk -key hwid -value "1717476530456" -context "sdk\\\\application/1717476609113"
# webtalk_add_data -client sdk -key bspid -value "1717476606779" -context "sdk\\\\application/1717476609113"
# webtalk_add_data -client sdk -key newbsp -value "true" -context "sdk\\\\application/1717476609113"
# webtalk_add_data -client sdk -key os -value "standalone" -context "sdk\\\\application/1717476609113"
# webtalk_add_data -client sdk -key apptemplate -value "empty_application" -context "sdk\\\\application/1717476609113"
# webtalk_transmit -clientid 3402054919 -regid "" -xml C:\\Users\\chenr\\Desktop\\robot_ps\\robot_ps.sdk\\webtalk\\usage_statistics_ext_sdk.xml -html C:\\Users\\chenr\\Desktop\\robot_ps\\robot_ps.sdk\\webtalk\\usage_statistics_ext_sdk.html -wdm C:\\Users\\chenr\\Desktop\\robot_ps\\robot_ps.sdk\\webtalk\\sdk_webtalk.wdm -intro "<H3>SDK Usage Report</H3><BR>"

    while executing
"webtalk_transmit -clientid 3402054919 -regid "" -xml C:\\Users\\chenr\\Desktop\\robot_ps\\robot_ps.sdk\\webtalk\\usage_statistics_ext_sdk.xml -html C:..."
    (file "sdk_webtalk.tcl" line 42)
INFO: [Common 17-206] Exiting Webtalk at Tue Jun 04 14:31:15 2024...
